2019-12-24T15:33:03.758+0800 I NETWORK  [conn10] end connection 172.20.1.3:51608 (0 connections now open)
lsidTTLIndex
umYields:0 reslen:224 locks:{} protocol:op_msg 0ms

n: {}, limit: 10, returnKey: false, showRecordId: false, lsid: { id: UUID("3bbf7695-e5d8-47ad-aaf3-f0c83c59f290") }, $db: "ymc_blog" } planSummary: EOF keysExamined:0 docsExamined:0 cursorExhausted:1 numYields:0 nreturned:0 reslen:106 locks:{ Global: { acquireCount: { r: 1 } }, Database: { acquireCount: { r: 1 } }, Collection: { acquireCount: { r: 1 } } } protocol:op_msg 0ms
tion: { acquireCount: { r: 1 } } } protocol:op_msg 0ms
rotocol:op_msg 0ms
 Collection: { acquireCount: { w: 2 } } } protocol:op_msg 45ms
2019-12-24T15:33:49.219+0800 I CONTROL  [main] ***** SERVER RESTARTED *****
2019-12-24T15:33:49.223+0800 I CONTROL  [main] Automatically disabling TLS 1.0, to force-enable TLS 1.0 specify --sslDisabledProtocols 'none'
2019-12-24T15:33:49.324+0800 D NETWORK  [main] fd limit hard:1048576 soft:1048576 max conn: 838860
2019-12-24T15:33:49.334+0800 I CONTROL  [initandlisten] MongoDB starting : pid=9 port=27017 dbpath=/data/db/mongo 64-bit host=241152205eb8
2019-12-24T15:33:49.335+0800 I CONTROL  [initandlisten] db version v4.0.5
2019-12-24T15:33:49.336+0800 I CONTROL  [initandlisten] git version: 3739429dd92b92d1b0ab120911a23d50bf03c412
2019-12-24T15:33:49.336+0800 I CONTROL  [initandlisten] OpenSSL version: OpenSSL 1.1.1b  26 Feb 2019
2019-12-24T15:33:49.337+0800 I CONTROL  [initandlisten] allocator: system
2019-12-24T15:33:49.337+0800 I CONTROL  [initandlisten] modules: none
2019-12-24T15:33:49.338+0800 I CONTROL  [initandlisten] build environment:
2019-12-24T15:33:49.339+0800 I CONTROL  [initandlisten]     distarch: x86_64
2019-12-24T15:33:49.340+0800 I CONTROL  [initandlisten]     target_arch: x86_64
2019-12-24T15:33:49.340+0800 I CONTROL  [initandlisten] options: { net: { bindIp: "0.0.0.0", port: 27017 }, storage: { dbPath: "/data/db/mongo" }, systemLog: { destination: "file", logAppend: true, path: "/data/log/mongod.log", verbosity: 1 } }
2019-12-24T15:33:49.341+0800 D NETWORK  [initandlisten] fd limit hard:1048576 soft:1048576 max conn: 838860
2019-12-24T15:33:49.343+0800 W STORAGE  [initandlisten] Detected unclean shutdown - /data/db/mongo/mongod.lock is not empty.
2019-12-24T15:33:49.346+0800 I STORAGE  [initandlisten] Detected data files in /data/db/mongo created by the 'wiredTiger' storage engine, so setting the active storage engine to 'wiredTiger'.
2019-12-24T15:33:49.348+0800 W STORAGE  [initandlisten] Recovering data from the last clean checkpoint.
2019-12-24T15:33:49.350+0800 I STORAGE  [initandlisten] wiredtiger_open config: create,cache_size=1463M,session_max=20000,eviction=(threads_min=4,threads_max=4),config_base=false,statistics=(fast),log=(enabled=true,archive=true,path=journal,compressor=snappy),file_manager=(close_idle_time=100000),statistics_log=(wait=0),verbose=(recovery_progress),
2019-12-24T15:34:01.355+0800 I STORAGE  [initandlisten] WiredTiger message [1577172841:355327][9:0x7fd85e7d0ca8], txn-recover: Main recovery loop: starting at 1/34688 to 2/256
2019-12-24T15:34:01.359+0800 I STORAGE  [initandlisten] WiredTiger message [1577172841:359635][9:0x7fd85e7d0ca8], txn-recover: Recovering log 1 through 2
2019-12-24T15:34:05.609+0800 I STORAGE  [initandlisten] WiredTiger message [1577172845:609511][9:0x7fd85e7d0ca8], txn-recover: Recovering log 2 through 2
2019-12-24T15:34:09.092+0800 I STORAGE  [initandlisten] WiredTiger message [1577172849:92277][9:0x7fd85e7d0ca8], txn-recover: Set global recovery timestamp: 0
2019-12-24T15:34:09.139+0800 I RECOVERY [initandlisten] WiredTiger recoveryTimestamp. Ts: Timestamp(0, 0)
2019-12-24T15:34:09.147+0800 D COMMAND  [WTCheckpointThread] BackgroundJob starting: WTCheckpointThread
2019-12-24T15:34:09.149+0800 D STORAGE  [WTCheckpointThread] starting WTCheckpointThread thread
2019-12-24T15:34:09.148+0800 D COMMAND  [WTJournalFlusher] BackgroundJob starting: WTJournalFlusher
2019-12-24T15:34:09.152+0800 D STORAGE  [WTJournalFlusher] starting WTJournalFlusher thread
2019-12-24T15:34:09.342+0800 D STORAGE  [initandlisten] Slow WT transaction. Lifetime of SnapshotId 1 was 195ms
2019-12-24T15:34:09.345+0800 D STORAGE  [initandlisten] flushing directory /data/db/mongo
2019-12-24T15:34:09.346+0800 I CONTROL  [initandlisten] 
2019-12-24T15:34:09.346+0800 I CONTROL  [initandlisten] ** WARNING: Access control is not enabled for the database.
2019-12-24T15:34:09.347+0800 I CONTROL  [initandlisten] **          Read and write access to data and configuration is unrestricted.
2019-12-24T15:34:09.347+0800 I CONTROL  [initandlisten] ** WARNING: You are running this process as the root user, which is not recommended.
2019-12-24T15:34:09.348+0800 I CONTROL  [initandlisten] 
2019-12-24T15:34:09.349+0800 I CONTROL  [initandlisten] 
2019-12-24T15:34:09.349+0800 I CONTROL  [initandlisten] ** WARNING: /sys/kernel/mm/transparent_hugepage/enabled is 'always'.
2019-12-24T15:34:09.349+0800 I CONTROL  [initandlisten] **        We suggest setting it to 'never'
2019-12-24T15:34:09.350+0800 I CONTROL  [initandlisten] 
2019-12-24T15:34:09.350+0800 I CONTROL  [initandlisten] ** WARNING: /sys/kernel/mm/transparent_hugepage/defrag is 'always'.
2019-12-24T15:34:09.350+0800 I CONTROL  [initandlisten] **        We suggest setting it to 'never'
2019-12-24T15:34:09.351+0800 I CONTROL  [initandlisten] 
2019-12-24T15:34:09.464+0800 D STORAGE  [initandlisten] admin.system.version: clearing plan cache - collection info cache reset
2019-12-24T15:34:09.464+0800 D -        [initandlisten] reloading view catalog for database admin
2019-12-24T15:34:09.491+0800 D STORAGE  [initandlisten] config.system.sessions: clearing plan cache - collection info cache reset
2019-12-24T15:34:09.492+0800 D -        [initandlisten] reloading view catalog for database config
2019-12-24T15:34:09.518+0800 D STORAGE  [initandlisten] local.startup_log: clearing plan cache - collection info cache reset
2019-12-24T15:34:09.528+0800 D -        [initandlisten] reloading view catalog for database local
2019-12-24T15:34:09.541+0800 D STORAGE  [initandlisten] ymc_blog.users: clearing plan cache - collection info cache reset
2019-12-24T15:34:09.542+0800 D -        [initandlisten] reloading view catalog for database ymc_blog
2019-12-24T15:34:09.542+0800 D STORAGE  [initandlisten]     Recovering database: admin
2019-12-24T15:34:09.559+0800 D STORAGE  [initandlisten]     Recovering database: config
2019-12-24T15:34:09.560+0800 D STORAGE  [initandlisten]     Recovering database: local
2019-12-24T15:34:09.560+0800 D STORAGE  [initandlisten]     Recovering database: ymc_blog
2019-12-24T15:34:09.561+0800 D STORAGE  [initandlisten] done repairDatabases
2019-12-24T15:34:09.561+0800 D STORAGE  [initandlisten] Slow WT transaction. Lifetime of SnapshotId 3 was 209ms
2019-12-24T15:34:09.563+0800 I COMMAND  [initandlisten] command admin.system.roles command: find { find: "system.roles", $db: "admin" } planSummary: EOF keysExamined:0 docsExamined:0 cursorExhausted:1 numYields:0 nreturned:0 reslen:107 locks:{ Global: { acquireCount: { r: 1 } }, Database: { acquireCount: { r: 1 } }, Collection: { acquireCount: { r: 1 } } } protocol:op_msg 0ms
2019-12-24T15:34:09.568+0800 I FTDC     [initandlisten] Initializing full-time diagnostic data capture with directory '/data/db/mongo/diagnostic.data'
2019-12-24T15:34:09.571+0800 D EXECUTOR [freemon-0] starting thread in pool freemon
2019-12-24T15:34:09.572+0800 D INDEX    [initandlisten] checking complete
2019-12-24T15:34:09.574+0800 I NETWORK  [initandlisten] waiting for connections on port 27017
2019-12-24T15:34:09.574+0800 D COMMAND  [TTLMonitor] BackgroundJob starting: TTLMonitor
2019-12-24T15:34:09.578+0800 D COMMAND  [ClientCursorMonitor] BackgroundJob starting: ClientCursorMonitor
2019-12-24T15:34:09.575+0800 D COMMAND  [PeriodicTaskRunner] BackgroundJob starting: PeriodicTaskRunner
2019-12-24T15:34:09.578+0800 I COMMAND  [LogicalSessionCacheRefresh] command config.system.sessions command: listIndexes { listIndexes: "system.sessions", cursor: {}, $db: "config" } numYields:0 reslen:324 locks:{ Global: { acquireCount: { r: 1 } }, Database: { acquireCount: { r: 1 } }, Collection: { acquireCount: { r: 1 } } } protocol:op_msg 1ms
2019-12-24T15:34:10.752+0800 I FTDC     [ftdc] Unclean full-time diagnostic data capture shutdown detected, found interim file, some metrics may have been lost. OK
2019-12-24T15:34:12.378+0800 I NETWORK  [listener] connection accepted from 172.20.1.3:51764 #1 (1 connection now open)
2019-12-24T15:34:12.726+0800 I NETWORK  [conn1] received client metadata from 172.20.1.3:51764 conn1: { driver: { name: "nodejs|Mongoose", version: "3.4.1|5.8.3" }, os: { type: "Linux", name: "linux", architecture: "x64", version: "3.10.0-1062.el7.x86_64" }, platform: "'Node.js v8.17.0, LE (unified)" }
2019-12-24T15:34:12.727+0800 I COMMAND  [conn1] command admin.$cmd command: isMaster { ismaster: true, client: { driver: { name: "nodejs|Mongoose", version: "3.4.1|5.8.3" }, os: { type: "Linux", name: "linux", architecture: "x64", version: "3.10.0-1062.el7.x86_64" }, platform: "'Node.js v8.17.0, LE (unified)" }, compression: [], $db: "admin" } numYields:0 reslen:239 locks:{} protocol:op_query 0ms
2019-12-24T15:34:22.763+0800 I COMMAND  [conn1] command admin.$cmd command: isMaster { ismaster: true, $db: "admin" } numYields:0 reslen:224 locks:{} protocol:op_msg 0ms
2019-12-24T15:34:32.778+0800 I COMMAND  [conn1] command admin.$cmd command: isMaster { ismaster: true, $db: "admin" } numYields:0 reslen:224 locks:{} protocol:op_msg 0ms
2019-12-24T15:34:42.785+0800 I COMMAND  [conn1] command admin.$cmd command: isMaster { ismaster: true, $db: "admin" } numYields:0 reslen:224 locks:{} protocol:op_msg 0ms
2019-12-24T15:34:52.795+0800 I COMMAND  [conn1] command admin.$cmd command: isMaster { ismaster: true, $db: "admin" } numYields:0 reslen:224 locks:{} protocol:op_msg 0ms
2019-12-24T15:35:02.802+0800 I COMMAND  [conn1] command admin.$cmd command: isMaster { ismaster: true, $db: "admin" } numYields:0 reslen:224 locks:{} protocol:op_msg 0ms
2019-12-24T15:35:09.579+0800 D INDEX    [TTLMonitor] ns: config.system.sessions key: { lastUse: 1 } name: lsidTTLIndex
2019-12-24T15:35:09.582+0800 D INDEX    [TTLMonitor] deleted: 0
2019-12-24T15:35:12.812+0800 I COMMAND  [conn1] command admin.$cmd command: isMaster { ismaster: true, $db: "admin" } numYields:0 reslen:224 locks:{} protocol:op_msg 0ms
2019-12-24T15:35:22.819+0800 I COMMAND  [conn1] command admin.$cmd command: isMaster { ismaster: true, $db: "admin" } numYields:0 reslen:224 locks:{} protocol:op_msg 0ms
2019-12-24T15:35:32.830+0800 I COMMAND  [conn1] command admin.$cmd command: isMaster { ismaster: true, $db: "admin" } numYields:0 reslen:224 locks:{} protocol:op_msg 0ms
2019-12-24T15:35:42.841+0800 I COMMAND  [conn1] command admin.$cmd command: isMaster { ismaster: true, $db: "admin" } numYields:0 reslen:224 locks:{} protocol:op_msg 0ms
2019-12-24T15:35:52.858+0800 I COMMAND  [conn1] command admin.$cmd command: isMaster { ismaster: true, $db: "admin" } numYields:0 reslen:224 locks:{} protocol:op_msg 0ms
2019-12-24T15:36:02.926+0800 I COMMAND  [conn1] command admin.$cmd command: isMaster { ismaster: true, $db: "admin" } numYields:0 reslen:224 locks:{} protocol:op_msg 0ms
2019-12-24T15:36:09.584+0800 D INDEX    [TTLMonitor] ns: config.system.sessions key: { lastUse: 1 } name: lsidTTLIndex
2019-12-24T15:36:09.584+0800 D INDEX    [TTLMonitor] deleted: 0
2019-12-24T15:36:12.931+0800 I COMMAND  [conn1] command admin.$cmd command: isMaster { ismaster: true, $db: "admin" } numYields:0 reslen:224 locks:{} protocol:op_msg 0ms
2019-12-24T15:36:22.937+0800 I COMMAND  [conn1] command admin.$cmd command: isMaster { ismaster: true, $db: "admin" } numYields:0 reslen:224 locks:{} protocol:op_msg 0ms
2019-12-24T15:36:32.950+0800 I COMMAND  [conn1] command admin.$cmd command: isMaster { ismaster: true, $db: "admin" } numYields:0 reslen:224 locks:{} protocol:op_msg 0ms
2019-12-24T15:36:42.978+0800 I COMMAND  [conn1] command admin.$cmd command: isMaster { ismaster: true, $db: "admin" } numYields:0 reslen:224 locks:{} protocol:op_msg 0ms
2019-12-24T15:36:52.991+0800 I COMMAND  [conn1] command admin.$cmd command: isMaster { ismaster: true, $db: "admin" } numYields:0 reslen:224 locks:{} protocol:op_msg 0ms
2019-12-24T15:37:03.014+0800 I COMMAND  [conn1] command admin.$cmd command: isMaster { ismaster: true, $db: "admin" } numYields:0 reslen:224 locks:{} protocol:op_msg 0ms
2019-12-24T15:37:09.587+0800 D INDEX    [TTLMonitor] ns: config.system.sessions key: { lastUse: 1 } name: lsidTTLIndex
2019-12-24T15:37:09.587+0800 D INDEX    [TTLMonitor] deleted: 0
2019-12-24T15:37:13.078+0800 I COMMAND  [conn1] command admin.$cmd command: isMaster { ismaster: true, $db: "admin" } numYields:0 reslen:224 locks:{} protocol:op_msg 0ms
2019-12-24T15:37:23.096+0800 I COMMAND  [conn1] command admin.$cmd command: isMaster { ismaster: true, $db: "admin" } numYields:0 reslen:224 locks:{} protocol:op_msg 0ms
2019-12-24T15:37:33.119+0800 I COMMAND  [conn1] command admin.$cmd command: isMaster { ismaster: true, $db: "admin" } numYields:0 reslen:224 locks:{} protocol:op_msg 0ms
2019-12-24T15:37:43.125+0800 I COMMAND  [conn1] command admin.$cmd command: isMaster { ismaster: true, $db: "admin" } numYields:0 reslen:224 locks:{} protocol:op_msg 0ms
2019-12-24T15:37:53.131+0800 I COMMAND  [conn1] command admin.$cmd command: isMaster { ismaster: true, $db: "admin" } numYields:0 reslen:224 locks:{} protocol:op_msg 0ms
2019-12-24T15:38:03.148+0800 I COMMAND  [conn1] command admin.$cmd command: isMaster { ismaster: true, $db: "admin" } numYields:0 reslen:224 locks:{} protocol:op_msg 0ms
2019-12-24T15:38:09.593+0800 D INDEX    [TTLMonitor] ns: config.system.sessions key: { lastUse: 1 } name: lsidTTLIndex
2019-12-24T15:38:09.594+0800 D INDEX    [TTLMonitor] deleted: 0
2019-12-24T15:38:13.155+0800 I COMMAND  [conn1] command admin.$cmd command: isMaster { ismaster: true, $db: "admin" } numYields:0 reslen:224 locks:{} protocol:op_msg 0ms
2019-12-24T15:38:23.163+0800 I COMMAND  [conn1] command admin.$cmd command: isMaster { ismaster: true, $db: "admin" } numYields:0 reslen:224 locks:{} protocol:op_msg 0ms
2019-12-24T15:38:27.147+0800 I COMMAND  [conn1] command ymc_blog.users command: find { find: "users", filter: { username: "yemiancheng" }, projection: {}, limit: 1, singleBatch: true, batchSize: 1, returnKey: false, showRecordId: false, lsid: { id: UUID("ee7700a6-9227-483a-ab95-d9379930cfe0") }, $db: "ymc_blog" } planSummary: COLLSCAN keysExamined:0 docsExamined:1 cursorExhausted:1 numYields:0 nreturned:1 reslen:347 locks:{ Global: { acquireCount: { r: 1 } }, Database: { acquireCount: { r: 1 } }, Collection: { acquireCount: { r: 1 } } } protocol:op_msg 0ms
2019-12-24T15:38:33.193+0800 I COMMAND  [conn1] command admin.$cmd command: isMaster { ismaster: true, $db: "admin" } numYields:0 reslen:224 locks:{} protocol:op_msg 0ms
2019-12-24T15:38:43.203+0800 I COMMAND  [conn1] command admin.$cmd command: isMaster { ismaster: true, $db: "admin" } numYields:0 reslen:224 locks:{} protocol:op_msg 0ms
2019-12-24T15:38:53.219+0800 I COMMAND  [conn1] command admin.$cmd command: isMaster { ismaster: true, $db: "admin" } numYields:0 reslen:224 locks:{} protocol:op_msg 0ms
2019-12-24T15:39:03.229+0800 I COMMAND  [conn1] command admin.$cmd command: isMaster { ismaster: true, $db: "admin" } numYields:0 reslen:224 locks:{} protocol:op_msg 0ms
2019-12-24T15:39:09.576+0800 I COMMAND  [LogicalSessionCacheRefresh] command config.system.sessions command: listIndexes { listIndexes: "system.sessions", cursor: {}, $db: "config" } numYields:0 reslen:324 locks:{ Global: { acquireCount: { r: 1 } }, Database: { acquireCount: { r: 1 } }, Collection: { acquireCount: { r: 1 } } } protocol:op_msg 0ms
2019-12-24T15:39:09.580+0800 I WRITE    [LogicalSessionCacheRefresh] update config.system.sessions command: { q: { _id: { id: UUID("ee7700a6-9227-483a-ab95-d9379930cfe0"), uid: BinData(0, E3B0C44298FC1C149AFBF4C8996FB92427AE41E4649B934CA495991B7852B855) } }, u: { $currentDate: { lastUse: true } }, multi: false, upsert: true } planSummary: IDHACK keysExamined:0 docsExamined:0 nMatched:0 nModified:0 upsert:1 keysInserted:2 numYields:0 locks:{ Global: { acquireCount: { r: 1, w: 1 } }, Database: { acquireCount: { w: 1 } }, Collection: { acquireCount: { w: 1 } } } 2ms
2019-12-24T15:39:09.581+0800 I COMMAND  [LogicalSessionCacheRefresh] command config.$cmd command: update { update: "system.sessions", ordered: false, allowImplicitCollectionCreation: false, writeConcern: { w: "majority", wtimeout: 15000 }, $db: "config" } numYields:0 reslen:171 locks:{ Global: { acquireCount: { r: 1, w: 1 } }, Database: { acquireCount: { w: 1 } }, Collection: { acquireCount: { w: 1 } } } protocol:op_msg 3ms
2019-12-24T15:39:09.597+0800 D INDEX    [TTLMonitor] ns: config.system.sessions key: { lastUse: 1 } name: lsidTTLIndex
2019-12-24T15:39:09.597+0800 D INDEX    [TTLMonitor] deleted: 0
2019-12-24T15:39:13.232+0800 I COMMAND  [conn1] command admin.$cmd command: isMaster { ismaster: true, $db: "admin" } numYields:0 reslen:224 locks:{} protocol:op_msg 0ms
2019-12-24T15:39:23.251+0800 I COMMAND  [conn1] command admin.$cmd command: isMaster { ismaster: true, $db: "admin" } numYields:0 reslen:224 locks:{} protocol:op_msg 0ms
2019-12-24T15:39:33.263+0800 I COMMAND  [conn1] command admin.$cmd command: isMaster { ismaster: true, $db: "admin" } numYields:0 reslen:224 locks:{} protocol:op_msg 0ms
2019-12-24T15:39:43.268+0800 I COMMAND  [conn1] command admin.$cmd command: isMaster { ismaster: true, $db: "admin" } numYields:0 reslen:224 locks:{} protocol:op_msg 0ms
2019-12-24T15:39:53.277+0800 I COMMAND  [conn1] command admin.$cmd command: isMaster { ismaster: true, $db: "admin" } numYields:0 reslen:224 locks:{} protocol:op_msg 0ms
2019-12-24T15:40:03.285+0800 I COMMAND  [conn1] command admin.$cmd command: isMaster { ismaster: true, $db: "admin" } numYields:0 reslen:224 locks:{} protocol:op_msg 0ms
2019-12-24T15:40:09.598+0800 D INDEX    [TTLMonitor] ns: config.system.sessions key: { lastUse: 1 } name: lsidTTLIndex
2019-12-24T15:40:09.599+0800 D INDEX    [TTLMonitor] deleted: 0
2019-12-24T15:40:13.288+0800 I COMMAND  [conn1] command admin.$cmd command: isMaster { ismaster: true, $db: "admin" } numYields:0 reslen:224 locks:{} protocol:op_msg 0ms
2019-12-24T15:40:23.298+0800 I COMMAND  [conn1] command admin.$cmd command: isMaster { ismaster: true, $db: "admin" } numYields:0 reslen:224 locks:{} protocol:op_msg 0ms
2019-12-24T15:40:33.302+0800 I COMMAND  [conn1] command admin.$cmd command: isMaster { ismaster: true, $db: "admin" } numYields:0 reslen:224 locks:{} protocol:op_msg 0ms
2019-12-24T15:40:43.305+0800 I COMMAND  [conn1] command admin.$cmd command: isMaster { ismaster: true, $db: "admin" } numYields:0 reslen:224 locks:{} protocol:op_msg 0ms
2019-12-24T15:40:53.320+0800 I COMMAND  [conn1] command admin.$cmd command: isMaster { ismaster: true, $db: "admin" } numYields:0 reslen:224 locks:{} protocol:op_msg 0ms
2019-12-24T15:41:03.333+0800 I COMMAND  [conn1] command admin.$cmd command: isMaster { ismaster: true, $db: "admin" } numYields:0 reslen:224 locks:{} protocol:op_msg 0ms
2019-12-24T15:41:09.601+0800 D INDEX    [TTLMonitor] ns: config.system.sessions key: { lastUse: 1 } name: lsidTTLIndex
2019-12-24T15:41:09.602+0800 D INDEX    [TTLMonitor] deleted: 0
2019-12-24T15:41:13.340+0800 I COMMAND  [conn1] command admin.$cmd command: isMaster { ismaster: true, $db: "admin" } numYields:0 reslen:224 locks:{} protocol:op_msg 0ms
2019-12-24T15:41:23.362+0800 I COMMAND  [conn1] command admin.$cmd command: isMaster { ismaster: true, $db: "admin" } numYields:0 reslen:224 locks:{} protocol:op_msg 0ms
2019-12-24T15:41:33.389+0800 I COMMAND  [conn1] command admin.$cmd command: isMaster { ismaster: true, $db: "admin" } numYields:0 reslen:224 locks:{} protocol:op_msg 0ms
2019-12-24T15:41:43.394+0800 I COMMAND  [conn1] command admin.$cmd command: isMaster { ismaster: true, $db: "admin" } numYields:0 reslen:224 locks:{} protocol:op_msg 0ms
2019-12-24T15:41:43.931+0800 I NETWORK  [conn1] end connection 172.20.1.3:51764 (0 connections now open)
2019-12-24T15:41:53.041+0800 I NETWORK  [listener] connection accepted from 172.20.1.3:52152 #2 (1 connection now open)
2019-12-24T15:41:53.435+0800 I NETWORK  [conn2] received client metadata from 172.20.1.3:52152 conn2: { driver: { name: "nodejs|Mongoose", version: "3.4.1|5.8.3" }, os: { type: "Linux", name: "linux", architecture: "x64", version: "3.10.0-1062.el7.x86_64" }, platform: "'Node.js v8.17.0, LE (unified)" }
2019-12-24T15:41:53.435+0800 I COMMAND  [conn2] command admin.$cmd command: isMaster { ismaster: true, client: { driver: { name: "nodejs|Mongoose", version: "3.4.1|5.8.3" }, os: { type: "Linux", name: "linux", architecture: "x64", version: "3.10.0-1062.el7.x86_64" }, platform: "'Node.js v8.17.0, LE (unified)" }, compression: [], $db: "admin" } numYields:0 reslen:239 locks:{} protocol:op_query 0ms
2019-12-24T15:42:03.477+0800 I COMMAND  [conn2] command admin.$cmd command: isMaster { ismaster: true, $db: "admin" } numYields:0 reslen:224 locks:{} protocol:op_msg 0ms
2019-12-24T15:42:09.605+0800 D INDEX    [TTLMonitor] ns: config.system.sessions key: { lastUse: 1 } name: lsidTTLIndex
2019-12-24T15:42:09.606+0800 D INDEX    [TTLMonitor] deleted: 0
2019-12-24T15:42:13.493+0800 I COMMAND  [conn2] command admin.$cmd command: isMaster { ismaster: true, $db: "admin" } numYields:0 reslen:224 locks:{} protocol:op_msg 0ms
2019-12-24T15:42:23.501+0800 I COMMAND  [conn2] command admin.$cmd command: isMaster { ismaster: true, $db: "admin" } numYields:0 reslen:224 locks:{} protocol:op_msg 0ms
2019-12-24T15:42:33.505+0800 I COMMAND  [conn2] command admin.$cmd command: isMaster { ismaster: true, $db: "admin" } numYields:0 reslen:224 locks:{} protocol:op_msg 0ms
2019-12-24T15:42:43.540+0800 I COMMAND  [conn2] command admin.$cmd command: isMaster { ismaster: true, $db: "admin" } numYields:0 reslen:224 locks:{} protocol:op_msg 0ms
2019-12-24T15:42:53.555+0800 I COMMAND  [conn2] command admin.$cmd command: isMaster { ismaster: true, $db: "admin" } numYields:0 reslen:224 locks:{} protocol:op_msg 0ms
2019-12-24T15:43:03.567+0800 I COMMAND  [conn2] command admin.$cmd command: isMaster { ismaster: true, $db: "admin" } numYields:0 reslen:224 locks:{} protocol:op_msg 0ms
2019-12-24T15:43:09.644+0800 D INDEX    [TTLMonitor] ns: config.system.sessions key: { lastUse: 1 } name: lsidTTLIndex
2019-12-24T15:43:09.646+0800 D INDEX    [TTLMonitor] deleted: 0
2019-12-24T15:43:13.577+0800 I COMMAND  [conn2] command admin.$cmd command: isMaster { ismaster: true, $db: "admin" } numYields:0 reslen:224 locks:{} protocol:op_msg 0ms
2019-12-24T15:43:23.581+0800 I COMMAND  [conn2] command admin.$cmd command: isMaster { ismaster: true, $db: "admin" } numYields:0 reslen:224 locks:{} protocol:op_msg 0ms
2019-12-24T15:43:33.587+0800 I COMMAND  [conn2] command admin.$cmd command: isMaster { ismaster: true, $db: "admin" } numYields:0 reslen:224 locks:{} protocol:op_msg 0ms
2019-12-24T15:43:43.595+0800 I COMMAND  [conn2] command admin.$cmd command: isMaster { ismaster: true, $db: "admin" } numYields:0 reslen:224 locks:{} protocol:op_msg 0ms
2019-12-24T15:43:53.597+0800 I COMMAND  [conn2] command admin.$cmd command: isMaster { ismaster: true, $db: "admin" } numYields:0 reslen:224 locks:{} protocol:op_msg 0ms
2019-12-24T15:44:03.611+0800 I COMMAND  [conn2] command admin.$cmd command: isMaster { ismaster: true, $db: "admin" } numYields:0 reslen:224 locks:{} protocol:op_msg 0ms
2019-12-24T15:44:09.576+0800 I COMMAND  [LogicalSessionCacheRefresh] command config.system.sessions command: listIndexes { listIndexes: "system.sessions", cursor: {}, $db: "config" } numYields:0 reslen:324 locks:{ Global: { acquireCount: { r: 1 } }, Database: { acquireCount: { r: 1 } }, Collection: { acquireCount: { r: 1 } } } protocol:op_msg 0ms
2019-12-24T15:44:09.659+0800 D INDEX    [TTLMonitor] ns: config.system.sessions key: { lastUse: 1 } name: lsidTTLIndex
2019-12-24T15:44:09.659+0800 D INDEX    [TTLMonitor] deleted: 0
2019-12-24T15:44:12.560+0800 I NETWORK  [conn2] end connection 172.20.1.3:52152 (0 connections now open)
2019-12-24T15:44:20.409+0800 I NETWORK  [listener] connection accepted from 172.20.1.3:52272 #3 (1 connection now open)
2019-12-24T15:44:20.573+0800 I NETWORK  [conn3] received client metadata from 172.20.1.3:52272 conn3: { driver: { name: "nodejs|Mongoose", version: "3.4.1|5.8.3" }, os: { type: "Linux", name: "linux", architecture: "x64", version: "3.10.0-1062.el7.x86_64" }, platform: "'Node.js v8.17.0, LE (unified)" }
2019-12-24T15:44:20.574+0800 I COMMAND  [conn3] command admin.$cmd command: isMaster { ismaster: true, client: { driver: { name: "nodejs|Mongoose", version: "3.4.1|5.8.3" }, os: { type: "Linux", name: "linux", architecture: "x64", version: "3.10.0-1062.el7.x86_64" }, platform: "'Node.js v8.17.0, LE (unified)" }, compression: [], $db: "admin" } numYields:0 reslen:239 locks:{} protocol:op_query 1ms
2019-12-24T15:44:30.625+0800 I COMMAND  [conn3] command admin.$cmd command: isMaster { ismaster: true, $db: "admin" } numYields:0 reslen:224 locks:{} protocol:op_msg 0ms
2019-12-24T15:44:40.636+0800 I COMMAND  [conn3] command admin.$cmd command: isMaster { ismaster: true, $db: "admin" } numYields:0 reslen:224 locks:{} protocol:op_msg 0ms
2019-12-24T15:44:50.311+0800 I NETWORK  [conn3] end connection 172.20.1.3:52272 (0 connections now open)
2019-12-24T15:44:56.625+0800 I NETWORK  [listener] connection accepted from 172.20.1.3:52302 #4 (1 connection now open)
2019-12-24T15:44:56.795+0800 I NETWORK  [conn4] received client metadata from 172.20.1.3:52302 conn4: { driver: { name: "nodejs|Mongoose", version: "3.4.1|5.8.3" }, os: { type: "Linux", name: "linux", architecture: "x64", version: "3.10.0-1062.el7.x86_64" }, platform: "'Node.js v8.17.0, LE (unified)" }
2019-12-24T15:44:56.796+0800 I COMMAND  [conn4] command admin.$cmd command: isMaster { ismaster: true, client: { driver: { name: "nodejs|Mongoose", version: "3.4.1|5.8.3" }, os: { type: "Linux", name: "linux", architecture: "x64", version: "3.10.0-1062.el7.x86_64" }, platform: "'Node.js v8.17.0, LE (unified)" }, compression: [], $db: "admin" } numYields:0 reslen:239 locks:{} protocol:op_query 0ms
2019-12-24T15:45:06.848+0800 I COMMAND  [conn4] command admin.$cmd command: isMaster { ismaster: true, $db: "admin" } numYields:0 reslen:224 locks:{} protocol:op_msg 0ms
2019-12-24T15:45:09.661+0800 D INDEX    [TTLMonitor] ns: config.system.sessions key: { lastUse: 1 } name: lsidTTLIndex
2019-12-24T15:45:09.663+0800 D INDEX    [TTLMonitor] deleted: 0
2019-12-24T15:45:16.868+0800 I COMMAND  [conn4] command admin.$cmd command: isMaster { ismaster: true, $db: "admin" } numYields:0 reslen:224 locks:{} protocol:op_msg 0ms
2019-12-24T15:45:26.875+0800 I COMMAND  [conn4] command admin.$cmd command: isMaster { ismaster: true, $db: "admin" } numYields:0 reslen:224 locks:{} protocol:op_msg 0ms
2019-12-24T15:45:36.878+0800 I COMMAND  [conn4] command admin.$cmd command: isMaster { ismaster: true, $db: "admin" } numYields:0 reslen:224 locks:{} protocol:op_msg 0ms
2019-12-24T15:45:46.886+0800 I COMMAND  [conn4] command admin.$cmd command: isMaster { ismaster: true, $db: "admin" } numYields:0 reslen:224 locks:{} protocol:op_msg 0ms
2019-12-24T15:45:56.895+0800 I COMMAND  [conn4] command admin.$cmd command: isMaster { ismaster: true, $db: "admin" } numYields:0 reslen:224 locks:{} protocol:op_msg 0ms
2019-12-24T15:46:06.912+0800 I COMMAND  [conn4] command admin.$cmd command: isMaster { ismaster: true, $db: "admin" } numYields:0 reslen:224 locks:{} protocol:op_msg 0ms
2019-12-24T15:46:09.664+0800 D INDEX    [TTLMonitor] ns: config.system.sessions key: { lastUse: 1 } name: lsidTTLIndex
2019-12-24T15:46:09.665+0800 D INDEX    [TTLMonitor] deleted: 0
2019-12-24T15:46:16.926+0800 I COMMAND  [conn4] command admin.$cmd command: isMaster { ismaster: true, $db: "admin" } numYields:0 reslen:224 locks:{} protocol:op_msg 0ms
2019-12-24T15:46:22.186+0800 I COMMAND  [conn4] command ymc_blog.admins command: find { find: "admins", filter: { username: "yemiancheng" }, projection: {}, limit: 1, singleBatch: true, batchSize: 1, returnKey: false, showRecordId: false, lsid: { id: UUID("5e7c8181-0b3a-457b-ba55-02043e9332eb") }, $db: "ymc_blog" } planSummary: EOF keysExamined:0 docsExamined:0 cursorExhausted:1 numYields:0 nreturned:0 reslen:104 locks:{ Global: { acquireCount: { r: 1 } }, Database: { acquireCount: { r: 1 } }, Collection: { acquireCount: { r: 1 } } } protocol:op_msg 0ms
2019-12-24T15:46:22.402+0800 D STORAGE  [conn4] create collection ymc_blog.admins {}
2019-12-24T15:46:22.402+0800 I STORAGE  [conn4] createCollection: ymc_blog.admins with generated UUID: 2435e5fc-396c-4abe-9812-af1a72692f84
2019-12-24T15:46:22.403+0800 D STORAGE  [conn4] stored meta data for ymc_blog.admins @ RecordId(6)
2019-12-24T15:46:22.424+0800 D STORAGE  [conn4] ymc_blog.admins: clearing plan cache - collection info cache reset
2019-12-24T15:46:22.426+0800 D STORAGE  [conn4] create uri: table:index-1--6765190211820668363 config: type=file,internal_page_max=16k,leaf_page_max=16k,checksum=on,prefix_compression=true,block_compressor=,,,,key_format=u,value_format=u,app_metadata=(formatVersion=8,infoObj={ "v" : 2, "key" : { "_id" : 1 }, "name" : "_id_", "ns" : "ymc_blog.admins" }),log=(enabled=true)
2019-12-24T15:46:22.450+0800 D STORAGE  [conn4] ymc_blog.admins: clearing plan cache - collection info cache reset
2019-12-24T15:46:22.453+0800 I COMMAND  [conn4] command ymc_blog.admins command: insert { insert: "admins", documents: [ { _id: ObjectId('5e01c24e904e490033cec1c8'), username: "yemiancheng", password: "836b73f1a0ace8a8298bbae617b9be65", email: "hualei03042013@163.com", creat_date: "2019-12-24 15:46:22", update_date: "2019-12-24 15:46:22", is_delete: 0, timestamp: 1577173582, __v: 0 } ], ordered: true, lsid: { id: UUID("5e7c8181-0b3a-457b-ba55-02043e9332eb") }, $db: "ymc_blog" } ninserted:1 keysInserted:1 numYields:0 reslen:45 locks:{ Global: { acquireCount: { r: 3, w: 3 } }, Database: { acquireCount: { w: 2, W: 1 } }, Collection: { acquireCount: { w: 2 } } } protocol:op_msg 51ms
2019-12-24T15:46:26.931+0800 I COMMAND  [conn4] command admin.$cmd command: isMaster { ismaster: true, $db: "admin" } numYields:0 reslen:224 locks:{} protocol:op_msg 0ms
2019-12-24T15:46:29.680+0800 I COMMAND  [conn4] command ymc_blog.admins command: find { find: "admins", filter: { username: "yemiancheng", password: "836b73f1a0ace8a8298bbae617b9be65", is_delete: 0 }, projection: {}, limit: 1, singleBatch: true, batchSize: 1, returnKey: false, showRecordId: false, lsid: { id: UUID("5e7c8181-0b3a-457b-ba55-02043e9332eb") }, $db: "ymc_blog" } planSummary: COLLSCAN keysExamined:0 docsExamined:1 cursorExhausted:1 numYields:0 nreturned:1 reslen:348 locks:{ Global: { acquireCount: { r: 1 } }, Database: { acquireCount: { r: 1 } }, Collection: { acquireCount: { r: 1 } } } protocol:op_msg 0ms
2019-12-24T15:46:36.943+0800 I COMMAND  [conn4] command admin.$cmd command: isMaster { ismaster: true, $db: "admin" } numYields:0 reslen:224 locks:{} protocol:op_msg 0ms
2019-12-24T15:46:40.837+0800 I COMMAND  [conn4] command ymc_blog.admins command: count { count: "admins", query: {}, lsid: { id: UUID("5e7c8181-0b3a-457b-ba55-02043e9332eb") }, $db: "ymc_blog" } planSummary: COUNT keysExamined:0 docsExamined:0 numYields:0 reslen:45 locks:{ Global: { acquireCount: { r: 1 } }, Database: { acquireCount: { r: 1 } }, Collection: { acquireCount: { r: 1 } } } protocol:op_msg 0ms
2019-12-24T15:46:40.840+0800 I NETWORK  [listener] connection accepted from 172.20.1.3:52398 #5 (2 connections now open)
2019-12-24T15:46:40.846+0800 I NETWORK  [conn5] received client metadata from 172.20.1.3:52398 conn5: { driver: { name: "nodejs|Mongoose", version: "3.4.1|5.8.3" }, os: { type: "Linux", name: "linux", architecture: "x64", version: "3.10.0-1062.el7.x86_64" }, platform: "'Node.js v8.17.0, LE (unified)" }
2019-12-24T15:46:40.846+0800 I COMMAND  [conn5] command admin.$cmd command: isMaster { ismaster: true, client: { driver: { name: "nodejs|Mongoose", version: "3.4.1|5.8.3" }, os: { type: "Linux", name: "linux", architecture: "x64", version: "3.10.0-1062.el7.x86_64" }, platform: "'Node.js v8.17.0, LE (unified)" }, compression: [], $db: "admin" } numYields:0 reslen:239 locks:{} protocol:op_query 0ms
2019-12-24T15:46:40.850+0800 I COMMAND  [conn5] command ymc_blog.admins command: find { find: "admins", filter: {}, sort: { _id: -1 }, projection: {}, limit: 10, returnKey: false, showRecordId: false, lsid: { id: UUID("dc3c451b-0f22-4733-bda4-d8733ff3f560") }, $db: "ymc_blog" } planSummary: IXSCAN { _id: 1 } keysExamined:1 docsExamined:1 cursorExhausted:1 numYields:0 nreturned:1 reslen:348 locks:{ Global: { acquireCount: { r: 1 } }, Database: { acquireCount: { r: 1 } }, Collection: { acquireCount: { r: 1 } } } protocol:op_msg 0ms
2019-12-24T15:46:46.950+0800 I COMMAND  [conn4] command admin.$cmd command: isMaster { ismaster: true, $db: "admin" } numYields:0 reslen:224 locks:{} protocol:op_msg 0ms
2019-12-24T15:46:52.449+0800 I COMMAND  [conn4] command ymc_blog.categories command: find { find: "categories", filter: {}, sort: { cate_order: -1 }, projection: {}, returnKey: false, showRecordId: false, lsid: { id: UUID("dc3c451b-0f22-4733-bda4-d8733ff3f560") }, $db: "ymc_blog" } planSummary: EOF keysExamined:0 docsExamined:0 cursorExhausted:1 numYields:0 nreturned:0 reslen:108 locks:{ Global: { acquireCount: { r: 1 } }, Database: { acquireCount: { r: 1 } }, Collection: { acquireCount: { r: 1 } } } protocol:op_msg 0ms
2019-12-24T15:46:56.998+0800 I COMMAND  [conn5] command admin.$cmd command: isMaster { ismaster: true, $db: "admin" } numYields:0 reslen:224 locks:{} protocol:op_msg 0ms
2019-12-24T15:47:07.012+0800 I COMMAND  [conn4] command admin.$cmd command: isMaster { ismaster: true, $db: "admin" } numYields:0 reslen:224 locks:{} protocol:op_msg 0ms
2019-12-24T15:47:09.666+0800 D INDEX    [TTLMonitor] ns: config.system.sessions key: { lastUse: 1 } name: lsidTTLIndex
2019-12-24T15:47:09.667+0800 D INDEX    [TTLMonitor] deleted: 0
2019-12-24T15:47:17.036+0800 I COMMAND  [conn5] command admin.$cmd command: isMaster { ismaster: true, $db: "admin" } numYields:0 reslen:224 locks:{} protocol:op_msg 0ms
2019-12-24T15:47:27.039+0800 I COMMAND  [conn4] command admin.$cmd command: isMaster { ismaster: true, $db: "admin" } numYields:0 reslen:224 locks:{} protocol:op_msg 0ms
2019-12-24T15:47:37.048+0800 I COMMAND  [conn5] command admin.$cmd command: isMaster { ismaster: true, $db: "admin" } numYields:0 reslen:224 locks:{} protocol:op_msg 0ms
2019-12-24T15:47:47.064+0800 I COMMAND  [conn4] command admin.$cmd command: isMaster { ismaster: true, $db: "admin" } numYields:0 reslen:224 locks:{} protocol:op_msg 0ms
2019-12-24T15:47:57.071+0800 I COMMAND  [conn5] command admin.$cmd command: isMaster { ismaster: true, $db: "admin" } numYields:0 reslen:224 locks:{} protocol:op_msg 0ms
2019-12-24T15:48:07.107+0800 I COMMAND  [conn4] command admin.$cmd command: isMaster { ismaster: true, $db: "admin" } numYields:0 reslen:224 locks:{} protocol:op_msg 0ms
2019-12-24T15:48:09.695+0800 D INDEX    [TTLMonitor] ns: config.system.sessions key: { lastUse: 1 } name: lsidTTLIndex
2019-12-24T15:48:09.696+0800 D INDEX    [TTLMonitor] deleted: 0
2019-12-24T15:48:17.114+0800 I COMMAND  [conn5] command admin.$cmd command: isMaster { ismaster: true, $db: "admin" } numYields:0 reslen:224 locks:{} protocol:op_msg 0ms
2019-12-24T15:48:27.118+0800 I COMMAND  [conn4] command admin.$cmd command: isMaster { ismaster: true, $db: "admin" } numYields:0 reslen:224 locks:{} protocol:op_msg 0ms
2019-12-24T15:48:37.134+0800 I COMMAND  [conn5] command admin.$cmd command: isMaster { ismaster: true, $db: "admin" } numYields:0 reslen:224 locks:{} protocol:op_msg 0ms
2019-12-24T15:48:47.145+0800 I COMMAND  [conn4] command admin.$cmd command: isMaster { ismaster: true, $db: "admin" } numYields:0 reslen:224 locks:{} protocol:op_msg 0ms
2019-12-24T15:48:57.155+0800 I COMMAND  [conn5] command admin.$cmd command: isMaster { ismaster: true, $db: "admin" } numYields:0 reslen:224 locks:{} protocol:op_msg 0ms
2019-12-24T15:49:07.173+0800 I COMMAND  [conn4] command admin.$cmd command: isMaster { ismaster: true, $db: "admin" } numYields:0 reslen:224 locks:{} protocol:op_msg 0ms
2019-12-24T15:49:09.576+0800 I COMMAND  [LogicalSessionCacheRefresh] command config.system.sessions command: listIndexes { listIndexes: "system.sessions", cursor: {}, $db: "config" } numYields:0 reslen:324 locks:{ Global: { acquireCount: { r: 1 } }, Database: { acquireCount: { r: 1 } }, Collection: { acquireCount: { r: 1 } } } protocol:op_msg 0ms
2019-12-24T15:49:09.577+0800 I WRITE    [LogicalSessionCacheRefresh] update config.system.sessions command: { q: { _id: { id: UUID("5e7c8181-0b3a-457b-ba55-02043e9332eb"), uid: BinData(0, E3B0C44298FC1C149AFBF4C8996FB92427AE41E4649B934CA495991B7852B855) } }, u: { $currentDate: { lastUse: true } }, multi: false, upsert: true } planSummary: IDHACK keysExamined:0 docsExamined:0 nMatched:0 nModified:0 upsert:1 keysInserted:2 numYields:0 locks:{ Global: { acquireCount: { r: 1, w: 1 } }, Database: { acquireCount: { w: 1 } }, Collection: { acquireCount: { w: 1 } } } 0ms
2019-12-24T15:49:09.578+0800 I WRITE    [LogicalSessionCacheRefresh] update config.system.sessions command: { q: { _id: { id: UUID("dc3c451b-0f22-4733-bda4-d8733ff3f560"), uid: BinData(0, E3B0C44298FC1C149AFBF4C8996FB92427AE41E4649B934CA495991B7852B855) } }, u: { $currentDate: { lastUse: true } }, multi: false, upsert: true } planSummary: IDHACK keysExamined:0 docsExamined:0 nMatched:0 nModified:0 upsert:1 keysInserted:2 numYields:0 locks:{ Global: { acquireCount: { r: 1, w: 1 } }, Database: { acquireCount: { w: 1 } }, Collection: { acquireCount: { w: 1 } } } 0ms
2019-12-24T15:49:09.578+0800 I COMMAND  [LogicalSessionCacheRefresh] command config.$cmd command: update { update: "system.sessions", ordered: false, allowImplicitCollectionCreation: false, writeConcern: { w: "majority", wtimeout: 15000 }, $db: "config" } numYields:0 reslen:267 locks:{ Global: { acquireCount: { r: 2, w: 2 } }, Database: { acquireCount: { w: 2 } }, Collection: { acquireCount: { w: 2 } } } protocol:op_msg 1ms
2019-12-24T15:49:09.698+0800 D INDEX    [TTLMonitor] ns: config.system.sessions key: { lastUse: 1 } name: lsidTTLIndex
2019-12-24T15:49:09.702+0800 D INDEX    [TTLMonitor] deleted: 0
2019-12-24T15:49:17.179+0800 I COMMAND  [conn5] command admin.$cmd command: isMaster { ismaster: true, $db: "admin" } numYields:0 reslen:224 locks:{} protocol:op_msg 0ms
2019-12-24T15:49:27.183+0800 I COMMAND  [conn4] command admin.$cmd command: isMaster { ismaster: true, $db: "admin" } numYields:0 reslen:224 locks:{} protocol:op_msg 0ms
2019-12-24T15:49:37.197+0800 I COMMAND  [conn5] command admin.$cmd command: isMaster { ismaster: true, $db: "admin" } numYields:0 reslen:224 locks:{} protocol:op_msg 0ms
2019-12-24T15:49:47.212+0800 I COMMAND  [conn4] command admin.$cmd command: isMaster { ismaster: true, $db: "admin" } numYields:0 reslen:224 locks:{} protocol:op_msg 0ms
2019-12-24T15:49:57.215+0800 I COMMAND  [conn5] command admin.$cmd command: isMaster { ismaster: true, $db: "admin" } numYields:0 reslen:224 locks:{} protocol:op_msg 0ms
2019-12-24T15:50:07.228+0800 I COMMAND  [conn4] command admin.$cmd command: isMaster { ismaster: true, $db: "admin" } numYields:0 reslen:224 locks:{} protocol:op_msg 0ms
2019-12-24T15:50:09.705+0800 D INDEX    [TTLMonitor] ns: config.system.sessions key: { lastUse: 1 } name: lsidTTLIndex
2019-12-24T15:50:09.706+0800 D INDEX    [TTLMonitor] deleted: 0
2019-12-24T15:50:17.236+0800 I COMMAND  [conn5] command admin.$cmd command: isMaster { ismaster: true, $db: "admin" } numYields:0 reslen:224 locks:{} protocol:op_msg 0ms
2019-12-24T15:50:27.241+0800 I COMMAND  [conn4] command admin.$cmd command: isMaster { ismaster: true, $db: "admin" } numYields:0 reslen:224 locks:{} protocol:op_msg 0ms
2019-12-24T15:50:37.259+0800 I COMMAND  [conn5] command admin.$cmd command: isMaster { ismaster: true, $db: "admin" } numYields:0 reslen:224 locks:{} protocol:op_msg 0ms
2019-12-24T15:50:47.272+0800 I COMMAND  [conn4] command admin.$cmd command: isMaster { ismaster: true, $db: "admin" } numYields:0 reslen:224 locks:{} protocol:op_msg 0ms
2019-12-24T15:50:57.277+0800 I COMMAND  [conn5] command admin.$cmd command: isMaster { ismaster: true, $db: "admin" } numYields:0 reslen:224 locks:{} protocol:op_msg 0ms
2019-12-24T15:51:07.281+0800 I COMMAND  [conn4] command admin.$cmd command: isMaster { ismaster: true, $db: "admin" } numYields:0 reslen:224 locks:{} protocol:op_msg 0ms
2019-12-24T15:51:09.708+0800 D INDEX    [TTLMonitor] ns: config.system.sessions key: { lastUse: 1 } name: lsidTTLIndex
2019-12-24T15:51:09.709+0800 D INDEX    [TTLMonitor] deleted: 0
2019-12-24T15:51:17.291+0800 I COMMAND  [conn5] command admin.$cmd command: isMaster { ismaster: true, $db: "admin" } numYields:0 reslen:224 locks:{} protocol:op_msg 0ms
2019-12-24T15:51:27.296+0800 I COMMAND  [conn4] command admin.$cmd command: isMaster { ismaster: true, $db: "admin" } numYields:0 reslen:224 locks:{} protocol:op_msg 0ms
2019-12-24T15:51:37.302+0800 I COMMAND  [conn5] command admin.$cmd command: isMaster { ismaster: true, $db: "admin" } numYields:0 reslen:224 locks:{} protocol:op_msg 0ms
2019-12-24T15:51:47.316+0800 I COMMAND  [conn4] command admin.$cmd command: isMaster { ismaster: true, $db: "admin" } numYields:0 reslen:224 locks:{} protocol:op_msg 0ms
2019-12-24T15:51:57.321+0800 I COMMAND  [conn5] command admin.$cmd command: isMaster { ismaster: true, $db: "admin" } numYields:0 reslen:224 locks:{} protocol:op_msg 0ms
2019-12-24T15:52:07.337+0800 I COMMAND  [conn4] command admin.$cmd command: isMaster { ismaster: true, $db: "admin" } numYields:0 reslen:224 locks:{} protocol:op_msg 0ms
2019-12-24T15:52:09.710+0800 D INDEX    [TTLMonitor] ns: config.system.sessions key: { lastUse: 1 } name: lsidTTLIndex
2019-12-24T15:52:09.711+0800 D INDEX    [TTLMonitor] deleted: 0
2019-12-24T15:52:17.351+0800 I COMMAND  [conn5] command admin.$cmd command: isMaster { ismaster: true, $db: "admin" } numYields:0 reslen:224 locks:{} protocol:op_msg 0ms
2019-12-24T15:52:27.360+0800 I COMMAND  [conn4] command admin.$cmd command: isMaster { ismaster: true, $db: "admin" } numYields:0 reslen:224 locks:{} protocol:op_msg 0ms
2019-12-24T15:52:37.375+0800 I COMMAND  [conn5] command admin.$cmd command: isMaster { ismaster: true, $db: "admin" } numYields:0 reslen:224 locks:{} protocol:op_msg 0ms
2019-12-24T15:52:47.394+0800 I COMMAND  [conn4] command admin.$cmd command: isMaster { ismaster: true, $db: "admin" } numYields:0 reslen:224 locks:{} protocol:op_msg 0ms
2019-12-24T15:52:57.487+0800 I COMMAND  [conn5] command admin.$cmd command: isMaster { ismaster: true, $db: "admin" } numYields:0 reslen:224 locks:{} protocol:op_msg 0ms
2019-12-24T15:53:00.407+0800 I NETWORK  [conn4] end connection 172.20.1.3:52302 (1 connection now open)
2019-12-24T15:53:00.408+0800 I NETWORK  [conn5] end connection 172.20.1.3:52398 (0 connections now open)
2019-12-24T15:53:09.711+0800 D INDEX    [TTLMonitor] ns: config.system.sessions key: { lastUse: 1 } name: lsidTTLIndex
2019-12-24T15:53:09.712+0800 D INDEX    [TTLMonitor] deleted: 0
